  Barril.cpp
c:\users\david\source\repos\entretenimento digital\entretenimento digital\barril.cpp(44): warning C4244: 'argument': conversion from 'int' to 'float', possible loss of data
c:\users\david\source\repos\entretenimento digital\entretenimento digital\barril.cpp(45): warning C4244: 'argument': conversion from 'int' to 'float', possible loss of data
c:\users\david\source\repos\entretenimento digital\entretenimento digital\barril.cpp(59): warning C4244: 'argument': conversion from 'double' to 'float', possible loss of data
c:\users\david\source\repos\entretenimento digital\entretenimento digital\barril.cpp(60): warning C4244: 'argument': conversion from 'double' to 'float', possible loss of data
c:\users\david\source\repos\entretenimento digital\entretenimento digital\barril.cpp(64): warning C4244: 'argument': conversion from 'double' to 'T', possible loss of data
          with
          [
              T=float
          ]
c:\users\david\source\repos\entretenimento digital\entretenimento digital\barril.cpp(137): warning C4244: 'argument': conversion from 'double' to 'float', possible loss of data
c:\users\david\source\repos\entretenimento digital\entretenimento digital\barril.cpp(138): warning C4244: 'argument': conversion from 'double' to 'float', possible loss of data
  Fogo.cpp
  Game.cpp
c:\users\david\source\repos\entretenimento digital\entretenimento digital\game.cpp(13): warning C4244: 'argument': conversion from 'time_t' to 'unsigned int', possible loss of data
c:\users\david\source\repos\entretenimento digital\entretenimento digital\game.cpp(52): warning C4018: '<': signed/unsigned mismatch
c:\users\david\source\repos\entretenimento digital\entretenimento digital\game.cpp(57): warning C4018: '<': signed/unsigned mismatch
c:\users\david\source\repos\entretenimento digital\entretenimento digital\game.cpp(62): warning C4018: '<': signed/unsigned mismatch
c:\users\david\source\repos\entretenimento digital\entretenimento digital\game.cpp(67): warning C4018: '<': signed/unsigned mismatch
c:\users\david\source\repos\entretenimento digital\entretenimento digital\game.cpp(134): warning C4018: '<': signed/unsigned mismatch
c:\users\david\source\repos\entretenimento digital\entretenimento digital\game.cpp(136): warning C4018: '<': signed/unsigned mismatch
c:\users\david\source\repos\entretenimento digital\entretenimento digital\game.cpp(149): warning C4018: '<': signed/unsigned mismatch
c:\users\david\source\repos\entretenimento digital\entretenimento digital\game.cpp(154): warning C4018: '<': signed/unsigned mismatch
c:\users\david\source\repos\entretenimento digital\entretenimento digital\game.cpp(159): warning C4018: '<': signed/unsigned mismatch
c:\users\david\source\repos\entretenimento digital\entretenimento digital\game.cpp(191): warning C4018: '<': signed/unsigned mismatch
c:\users\david\source\repos\entretenimento digital\entretenimento digital\game.cpp(208): warning C4018: '<': signed/unsigned mismatch
c:\users\david\source\repos\entretenimento digital\entretenimento digital\game.cpp(241): warning C4018: '<': signed/unsigned mismatch
c:\users\david\source\repos\entretenimento digital\entretenimento digital\game.cpp(246): warning C4018: '<': signed/unsigned mismatch
c:\users\david\source\repos\entretenimento digital\entretenimento digital\game.cpp(296): warning C4244: 'argument': conversion from 'T' to 'float', possible loss of data
          with
          [
              T=unsigned int
          ]
c:\users\david\source\repos\entretenimento digital\entretenimento digital\game.cpp(300): warning C4244: 'argument': conversion from 'T' to 'float', possible loss of data
          with
          [
              T=unsigned int
          ]
  GameObject.cpp
c:\users\david\source\repos\entretenimento digital\entretenimento digital\gameobject.cpp(160): warning C4244: 'argument': conversion from 'double' to 'float', possible loss of data
  Ladder.cpp
c:\users\david\source\repos\entretenimento digital\entretenimento digital\ladder.cpp(38): warning C4244: 'argument': conversion from 'double' to 'float', possible loss of data
c:\users\david\source\repos\entretenimento digital\entretenimento digital\ladder.cpp(53): warning C4018: '<': signed/unsigned mismatch
c:\users\david\source\repos\entretenimento digital\entretenimento digital\ladder.cpp(67): warning C4244: 'argument': conversion from 'double' to 'T', possible loss of data
          with
          [
              T=float
          ]
c:\users\david\source\repos\entretenimento digital\entretenimento digital\ladder.cpp(68): warning C4244: 'argument': conversion from 'int' to 'T', possible loss of data
          with
          [
              T=float
          ]
c:\users\david\source\repos\entretenimento digital\entretenimento digital\ladder.cpp(108): warning C4244: 'argument': conversion from 'double' to 'T', possible loss of data
          with
          [
              T=float
          ]
c:\users\david\source\repos\entretenimento digital\entretenimento digital\ladder.cpp(109): warning C4244: 'argument': conversion from 'int' to 'T', possible loss of data
          with
          [
              T=float
          ]
  MainGame.cpp
  Platform.cpp
c:\users\david\source\repos\entretenimento digital\entretenimento digital\platform.cpp(41): warning C4244: 'argument': conversion from 'double' to 'float', possible loss of data
c:\users\david\source\repos\entretenimento digital\entretenimento digital\platform.cpp(44): warning C4244: 'argument': conversion from 'double' to 'T', possible loss of data
          with
          [
              T=float
          ]
c:\users\david\source\repos\entretenimento digital\entretenimento digital\platform.cpp(45): warning C4244: 'argument': conversion from 'int' to 'T', possible loss of data
          with
          [
              T=float
          ]
c:\users\david\source\repos\entretenimento digital\entretenimento digital\platform.cpp(54): warning C4244: 'argument': conversion from 'double' to 'T', possible loss of data
          with
          [
              T=float
          ]
c:\users\david\source\repos\entretenimento digital\entretenimento digital\platform.cpp(55): warning C4244: 'argument': conversion from 'int' to 'T', possible loss of data
          with
          [
              T=float
          ]
c:\users\david\source\repos\entretenimento digital\entretenimento digital\platform.cpp(73): warning C4244: 'argument': conversion from 'double' to 'T', possible loss of data
          with
          [
              T=float
          ]
c:\users\david\source\repos\entretenimento digital\entretenimento digital\platform.cpp(74): warning C4244: 'argument': conversion from 'int' to 'T', possible loss of data
          with
          [
              T=float
          ]
c:\users\david\source\repos\entretenimento digital\entretenimento digital\platform.cpp(138): warning C4244: 'argument': conversion from 'double' to 'T', possible loss of data
          with
          [
              T=float
          ]
c:\users\david\source\repos\entretenimento digital\entretenimento digital\platform.cpp(139): warning C4244: 'argument': conversion from 'int' to 'T', possible loss of data
          with
          [
              T=float
          ]
  Player.cpp
  Generating Code...
c:\users\david\source\repos\entretenimento digital\entretenimento digital\gameobject.cpp(71): warning C4715: 'GameObject::collision': not all control paths return a value
  Entretenimento Digital.vcxproj -> C:\Users\david\source\repos\Entretenimento Digital\Debug\Entretenimento Digital.exe
